0 info it worked if it ends with ok
1 verbose cli [ '/Users/zackm/.sprinter/zillow/features/node/bin/node',
1 verbose cli   '/Users/zackm/.sprinter/zillow/bin/npm',
1 verbose cli   'run',
1 verbose cli   'dev' ]
2 info using npm@3.10.10
3 info using node@v6.10.3
4 verbose run-script [ 'predev', 'dev', 'postdev' ]
5 info lifecycle transmission@0.0.0~predev: transmission@0.0.0
6 silly lifecycle transmission@0.0.0~predev: no script for predev, continuing
7 info lifecycle transmission@0.0.0~dev: transmission@0.0.0
8 verbose lifecycle transmission@0.0.0~dev: unsafe-perm in lifecycle true
9 verbose lifecycle transmission@0.0.0~dev: PATH: /Users/zackm/.sprinter/zillow/features/node/lib/node_modules/npm/bin/node-gyp-bin:/Users/zackm/Projects/transmission/node_modules/.bin:/Users/zackm/.sprinter/zillow/features/node/bin:/Users/zackm/.sprinter/zillow/bin:/usr/local/bin:/Library/Java/JavaVirtualMachines/jdk1.8.0_45.jdk/Contents/Home/bin:/Users/zackm/.sprinter/zillow/features/ant/apache-ant-1.7.1/bin:/Users/zackm/.sprinter/zillow/features/maven3.1.1/apache-maven-3.1.1/bin:/Users/zackm/.sprinter/sprinter/bin:/Users/zackm/.local/bin:/usr/local/opt/coreutils/libexec/gnubin:/Users/zackm/.cargo/bin:/Users/zackm/.local/bin:/usr/local/opt/coreutils/libexec/gnubin:/usr/bin:/bin:/usr/sbin:/sbin:/usr/local/share/dotnet:/opt/X11/bin:/Applications/Postgres.app/Contents/Versions/latest/bin:/usr/local/mysql/bin:/usr/local/Cellar/node/6.8.1/bin:/Users/zackm/.cargo/bin:/usr/local/mysql/bin:/usr/local/Cellar/node/6.8.1/bin:/Users/zackm/.cargo/bin
10 verbose lifecycle transmission@0.0.0~dev: CWD: /Users/zackm/Projects/transmission
11 silly lifecycle transmission@0.0.0~dev: Args: [ '-c', 'DEBUG=transmission:* npm -s start' ]
12 silly lifecycle transmission@0.0.0~dev: Returned: code: 1  signal: null
13 info lifecycle transmission@0.0.0~dev: Failed to exec dev script
14 verbose stack Error: transmission@0.0.0 dev: `DEBUG=transmission:* npm -s start`
14 verbose stack Exit status 1
14 verbose stack     at EventEmitter.<anonymous> (/Users/zackm/.sprinter/zillow/features/node/lib/node_modules/npm/lib/utils/lifecycle.js:255:16)
14 verbose stack     at emitTwo (events.js:106:13)
14 verbose stack     at EventEmitter.emit (events.js:191:7)
14 verbose stack     at ChildProcess.<anonymous> (/Users/zackm/.sprinter/zillow/features/node/lib/node_modules/npm/lib/utils/spawn.js:40:14)
14 verbose stack     at emitTwo (events.js:106:13)
14 verbose stack     at ChildProcess.emit (events.js:191:7)
14 verbose stack     at maybeClose (internal/child_process.js:886:16)
14 verbose stack     at Process.ChildProcess._handle.onexit (internal/child_process.js:226:5)
15 verbose pkgid transmission@0.0.0
16 verbose cwd /Users/zackm/Projects/transmission
17 error Darwin 17.4.0
18 error argv "/Users/zackm/.sprinter/zillow/features/node/bin/node" "/Users/zackm/.sprinter/zillow/bin/npm" "run" "dev"
19 error node v6.10.3
20 error npm  v3.10.10
21 error code ELIFECYCLE
22 error transmission@0.0.0 dev: `DEBUG=transmission:* npm -s start`
22 error Exit status 1
23 error Failed at the transmission@0.0.0 dev script 'DEBUG=transmission:* npm -s start'.
23 error Make sure you have the latest version of node.js and npm installed.
23 error If you do, this is most likely a problem with the transmission package,
23 error not with npm itself.
23 error Tell the author that this fails on your system:
23 error     DEBUG=transmission:* npm -s start
23 error You can get information on how to open an issue for this project with:
23 error     npm bugs transmission
23 error Or if that isn't available, you can get their info via:
23 error     npm owner ls transmission
23 error There is likely additional logging output above.
24 verbose exit [ 1, true ]
